event-wallet/android/app/build/intermediates/manifest_merge_blame_file/debug/manifest-merger-blame-debug-report.txt
1<?xml version="1.0" encoding="utf-8"?>
2<manifest xmlns:android="http://schemas.android.com/apk/res/android"
3    package="com.eventwallet.app"
4    android:versionCode="1"
5    android:versionName="1.0.0" >
6
7    <uses-sdk
8        android:minSdkVersion="23"
9        android:targetSdkVersion="34" />
10
11    <uses-permission android:name="android.permission.SYSTEM_ALERT_WINDOW" />
11-->src/main/AndroidManifest.xml:5:3-75
11-->src/main/AndroidManifest.xml:5:20-73
12    <uses-permission android:name="android.permission.CAMERA" />
12-->src/main/AndroidManifest.xml:2:3-62
12-->src/main/AndroidManifest.xml:2:20-60
13    <uses-permission android:name="android.permission.INTERNET" />
13-->src/main/AndroidManifest.xml:3:3-64
13-->src/main/AndroidManifest.xml:3:20-62
14    <uses-permission android:name="android.permission.READ_EXTERNAL_STORAGE" />
14-->src/main/AndroidManifest.xml:4:3-77
14-->src/main/AndroidManifest.xml:4:20-75
15    <uses-permission android:name="android.permission.VIBRATE" />
15-->src/main/AndroidManifest.xml:6:3-63
15-->src/main/AndroidManifest.xml:6:20-61
16    <uses-permission android:name="android.permission.WRITE_EXTERNAL_STORAGE" />
16-->src/main/AndroidManifest.xml:7:3-78
16-->src/main/AndroidManifest.xml:7:20-76
17
18    <queries>
18-->src/main/AndroidManifest.xml:8:3-14:13
19        <intent>
19-->src/main/AndroidManifest.xml:9:5-13:14
20            <action android:name="android.intent.action.VIEW" />
20-->src/main/AndroidManifest.xml:10:7-58
20-->src/main/AndroidManifest.xml:10:15-56
21
22            <category android:name="android.intent.category.BROWSABLE" />
22-->src/main/AndroidManifest.xml:11:7-67
22-->src/main/AndroidManifest.xml:11:17-65
23
24            <data android:scheme="https" />
24-->src/main/AndroidManifest.xml:12:7-37
24-->src/main/AndroidManifest.xml:12:13-35
25        </intent>
26        <intent>
26-->[:toruslabs_react-native-web-browser] AndroidManifest.xml:8:9-12:18
27
28            <!-- Required for opening tabs if targeting API 30 -->
29            <action android:name="android.support.customtabs.action.CustomTabsService" />
29-->[:toruslabs_react-native-web-browser] AndroidManifest.xml:11:13-90
29-->[:toruslabs_react-native-web-browser] AndroidManifest.xml:11:21-87
30        </intent>
31
32        <package android:name="host.exp.exponent" /> <!-- Query open documents -->
32-->[:expo-dev-launcher] AndroidManifest.xml:8:9-53
32-->[:expo-dev-launcher] AndroidManifest.xml:8:18-50
33        <intent>
33-->[:expo-file-system] AndroidManifest.xml:15:9-17:18
34            <action android:name="android.intent.action.OPEN_DOCUMENT_TREE" />
34-->[:expo-file-system] AndroidManifest.xml:16:13-79
34-->[:expo-file-system] AndroidManifest.xml:16:21-76
35        </intent>
36        <intent>
36-->[androidx.camera:camera-extensions:1.5.0-alpha03] AndroidManifest.xml:23:9-25:18
37            <action android:name="androidx.camera.extensions.action.VENDOR_ACTION" />
37-->[androidx.camera:camera-extensions:1.5.0-alpha03] AndroidManifest.xml:24:13-86
37-->[androidx.camera:camera-extensions:1.5.0-alpha03] AndroidManifest.xml:24:21-83
38        </intent>
39    </queries>
40
41    <permission
41-->[androidx.core:core:1.12.0] AndroidManifest.xml:22:5-24:47
42        android:name="com.eventwallet.app.DYNAMIC_RECEIVER_NOT_EXPORTED_PERMISSION"
42-->[androidx.core:core:1.12.0] AndroidManifest.xml:23:9-81
43        android:protectionLevel="signature" />
43-->[androidx.core:core:1.12.0] AndroidManifest.xml:24:9-44
44
45    <uses-permission android:name="com.eventwallet.app.DYNAMIC_RECEIVER_NOT_EXPORTED_PERMISSION" /> <!-- Although the *SdkVersion is captured in gradle build files, this is required for non gradle builds -->
45-->[androidx.core:core:1.12.0] AndroidManifest.xml:26:5-97
45-->[androidx.core:core:1.12.0] AndroidManifest.xml:26:22-94
46    <!-- <uses-sdk android:minSdkVersion="14"/> -->
47    <uses-permission android:name="android.permission.ACCESS_NETWORK_STATE" />
47-->[com.google.android.datatransport:transport-backend-cct:2.3.3] AndroidManifest.xml:25:5-79
47-->[com.google.android.datatransport:transport-backend-cct:2.3.3] AndroidManifest.xml:25:22-76
48
49    <application
49-->src/main/AndroidManifest.xml:15:3-34:17
50        android:name="com.eventwallet.app.MainApplication"
50-->src/main/AndroidManifest.xml:15:16-47
51        android:allowBackup="true"
51-->src/main/AndroidManifest.xml:15:116-142
52        android:appComponentFactory="androidx.core.app.CoreComponentFactory"
52-->[androidx.core:core:1.12.0] AndroidManifest.xml:28:18-86
53        android:debuggable="true"
54        android:extractNativeLibs="false"
55        android:icon="@mipmap/ic_launcher"
55-->src/main/AndroidManifest.xml:15:81-115
56        android:label="@string/app_name"
56-->src/main/AndroidManifest.xml:15:48-80
57        android:theme="@style/AppTheme"
57-->src/main/AndroidManifest.xml:15:143-174
58        android:usesCleartextTraffic="true" >
58-->src/debug/AndroidManifest.xml:6:18-53
59        <meta-data
59-->src/main/AndroidManifest.xml:16:5-83
60            android:name="expo.modules.updates.ENABLED"
60-->src/main/AndroidManifest.xml:16:16-59
61            android:value="false" />
61-->src/main/AndroidManifest.xml:16:60-81
62        <meta-data
62-->src/main/AndroidManifest.xml:17:5-105
63            android:name="expo.modules.updates.EXPO_UPDATES_CHECK_ON_LAUNCH"
63-->src/main/AndroidManifest.xml:17:16-80
64            android:value="ALWAYS" />
64-->src/main/AndroidManifest.xml:17:81-103
65        <meta-data
65-->src/main/AndroidManifest.xml:18:5-99
66            android:name="expo.modules.updates.EXPO_UPDATES_LAUNCH_WAIT_MS"
66-->src/main/AndroidManifest.xml:18:16-79
67            android:value="0" />
67-->src/main/AndroidManifest.xml:18:80-97
68
69        <activity
69-->src/main/AndroidManifest.xml:19:5-32:16
70            android:name="com.eventwallet.app.MainActivity"
70-->src/main/AndroidManifest.xml:19:15-43
71            android:configChanges="keyboard|keyboardHidden|orientation|screenSize|screenLayout|uiMode"
71-->src/main/AndroidManifest.xml:19:44-134
72            android:exported="true"
72-->src/main/AndroidManifest.xml:19:256-279
73            android:launchMode="singleTask"
73-->src/main/AndroidManifest.xml:19:135-166
74            android:screenOrientation="portrait"
74-->src/main/AndroidManifest.xml:19:280-316
75            android:theme="@style/Theme.App.SplashScreen"
75-->src/main/AndroidManifest.xml:19:210-255
76            android:windowSoftInputMode="adjustResize" >
76-->src/main/AndroidManifest.xml:19:167-209
77            <intent-filter>
77-->src/main/AndroidManifest.xml:20:7-23:23
78                <action android:name="android.intent.action.MAIN" />
78-->src/main/AndroidManifest.xml:21:9-60
78-->src/main/AndroidManifest.xml:21:17-58
79
80                <category android:name="android.intent.category.LAUNCHER" />
80-->src/main/AndroidManifest.xml:22:9-68
80-->src/main/AndroidManifest.xml:22:19-66
81            </intent-filter>
82            <intent-filter>
82-->src/main/AndroidManifest.xml:24:7-31:23
83                <action android:name="android.intent.action.VIEW" />
83-->src/main/AndroidManifest.xml:10:7-58
83-->src/main/AndroidManifest.xml:10:15-56
84
85                <category android:name="android.intent.category.DEFAULT" />
85-->src/main/AndroidManifest.xml:26:9-67
85-->src/main/AndroidManifest.xml:26:19-65
86                <category android:name="android.intent.category.BROWSABLE" />
86-->src/main/AndroidManifest.xml:11:7-67
86-->src/main/AndroidManifest.xml:11:17-65
87
88                <data android:scheme="eventwallet" />
88-->src/main/AndroidManifest.xml:12:7-37
88-->src/main/AndroidManifest.xml:12:13-35
89                <data android:scheme="com.eventwallet.app" />
89-->src/main/AndroidManifest.xml:12:7-37
89-->src/main/AndroidManifest.xml:12:13-35
90                <data android:scheme="exp+event-wallet" />
90-->src/main/AndroidManifest.xml:12:7-37
90-->src/main/AndroidManifest.xml:12:13-35
91            </intent-filter>
92        </activity>
93        <activity
93-->src/main/AndroidManifest.xml:33:5-106
94            android:name="com.facebook.react.devsupport.DevSettingsActivity"
94-->src/main/AndroidManifest.xml:33:15-79
95            android:exported="false" />
95-->src/main/AndroidManifest.xml:33:80-104
96        <activity
96-->[:expo-dev-launcher] AndroidManifest.xml:12:9-25:20
97            android:name="expo.modules.devlauncher.launcher.DevLauncherActivity"
97-->[:expo-dev-launcher] AndroidManifest.xml:13:13-81
98            android:exported="true"
98-->[:expo-dev-launcher] AndroidManifest.xml:14:13-36
99            android:launchMode="singleTask"
99-->[:expo-dev-launcher] AndroidManifest.xml:15:13-44
100            android:theme="@style/Theme.DevLauncher.LauncherActivity" >
100-->[:expo-dev-launcher] AndroidManifest.xml:16:13-70
101            <intent-filter>
101-->[:expo-dev-launcher] AndroidManifest.xml:17:13-24:29
102                <action android:name="android.intent.action.VIEW" />
102-->src/main/AndroidManifest.xml:10:7-58
102-->src/main/AndroidManifest.xml:10:15-56
103
104                <category android:name="android.intent.category.DEFAULT" />
104-->src/main/AndroidManifest.xml:26:9-67
104-->src/main/AndroidManifest.xml:26:19-65
105                <category android:name="android.intent.category.BROWSABLE" />
105-->src/main/AndroidManifest.xml:11:7-67
105-->src/main/AndroidManifest.xml:11:17-65
106
107                <data android:scheme="expo-dev-launcher" />
107-->src/main/AndroidManifest.xml:12:7-37
107-->src/main/AndroidManifest.xml:12:13-35
108            </intent-filter>
109        </activity>
110        <activity
110-->[:expo-dev-launcher] AndroidManifest.xml:26:9-29:70
111            android:name="expo.modules.devlauncher.launcher.errors.DevLauncherErrorActivity"
111-->[:expo-dev-launcher] AndroidManifest.xml:27:13-93
112            android:screenOrientation="portrait"
112-->[:expo-dev-launcher] AndroidManifest.xml:28:13-49
113            android:theme="@style/Theme.DevLauncher.ErrorActivity" />
113-->[:expo-dev-launcher] AndroidManifest.xml:29:13-67
114        <activity
114-->[:expo-dev-menu] AndroidManifest.xml:8:9-21:20
115            android:name="expo.modules.devmenu.DevMenuActivity"
115-->[:expo-dev-menu] AndroidManifest.xml:9:13-64
116            android:exported="true"
116-->[:expo-dev-menu] AndroidManifest.xml:10:13-36
117            android:launchMode="singleTask"
117-->[:expo-dev-menu] AndroidManifest.xml:11:13-44
118            android:theme="@style/Theme.AppCompat.Transparent.NoActionBar" >
118-->[:expo-dev-menu] AndroidManifest.xml:12:13-75
119            <intent-filter>
119-->[:expo-dev-menu] AndroidManifest.xml:13:13-20:29
120                <action android:name="android.intent.action.VIEW" />
120-->src/main/AndroidManifest.xml:10:7-58
120-->src/main/AndroidManifest.xml:10:15-56
121
122                <category android:name="android.intent.category.DEFAULT" />
122-->src/main/AndroidManifest.xml:26:9-67
122-->src/main/AndroidManifest.xml:26:19-65
123                <category android:name="android.intent.category.BROWSABLE" />
123-->src/main/AndroidManifest.xml:11:7-67
123-->src/main/AndroidManifest.xml:11:17-65
124
125                <data android:scheme="expo-dev-menu" />
125-->src/main/AndroidManifest.xml:12:7-37
125-->src/main/AndroidManifest.xml:12:13-35
126            </intent-filter>
127        </activity>
128
129        <provider
129-->[:expo-file-system] AndroidManifest.xml:21:9-30:20
130            android:name="expo.modules.filesystem.FileSystemFileProvider"
130-->[:expo-file-system] AndroidManifest.xml:22:13-74
131            android:authorities="com.eventwallet.app.FileSystemFileProvider"
131-->[:expo-file-system] AndroidManifest.xml:23:13-74
132            android:exported="false"
132-->[:expo-file-system] AndroidManifest.xml:24:13-37
133            android:grantUriPermissions="true" >
133-->[:expo-file-system] AndroidManifest.xml:25:13-47
134            <meta-data
134-->[:expo-file-system] AndroidManifest.xml:27:13-29:70
135                android:name="android.support.FILE_PROVIDER_PATHS"
135-->[:expo-file-system] AndroidManifest.xml:28:17-67
136                android:resource="@xml/file_system_provider_paths" />
136-->[:expo-file-system] AndroidManifest.xml:29:17-67
137        </provider>
138
139        <meta-data
139-->[:expo-modules-core] AndroidManifest.xml:9:9-11:89
140            android:name="org.unimodules.core.AppLoader#react-native-headless"
140-->[:expo-modules-core] AndroidManifest.xml:10:13-79
141            android:value="expo.modules.adapters.react.apploader.RNHeadlessAppLoader" />
141-->[:expo-modules-core] AndroidManifest.xml:11:13-86
142        <meta-data
142-->[:expo-modules-core] AndroidManifest.xml:12:9-15:45
143            android:name="com.facebook.soloader.enabled"
143-->[:expo-modules-core] AndroidManifest.xml:13:13-57
144            android:value="true" />
144-->[:expo-modules-core] AndroidManifest.xml:14:13-33
145
146        <uses-library
146-->[androidx.camera:camera-extensions:1.5.0-alpha03] AndroidManifest.xml:29:9-31:40
147            android:name="androidx.camera.extensions.impl"
147-->[androidx.camera:camera-extensions:1.5.0-alpha03] AndroidManifest.xml:30:13-59
148            android:required="false" />
148-->[androidx.camera:camera-extensions:1.5.0-alpha03] AndroidManifest.xml:31:13-37
149
150        <service
150-->[androidx.camera:camera-camera2:1.5.0-alpha03] AndroidManifest.xml:24:9-33:19
151            android:name="androidx.camera.core.impl.MetadataHolderService"
151-->[androidx.camera:camera-camera2:1.5.0-alpha03] AndroidManifest.xml:25:13-75
152            android:enabled="false"
152-->[androidx.camera:camera-camera2:1.5.0-alpha03] AndroidManifest.xml:26:13-36
153            android:exported="false" >
153-->[androidx.camera:camera-camera2:1.5.0-alpha03] AndroidManifest.xml:27:13-37
154            <meta-data
154-->[androidx.camera:camera-camera2:1.5.0-alpha03] AndroidManifest.xml:30:13-32:89
155                android:name="androidx.camera.core.impl.MetadataHolderService.DEFAULT_CONFIG_PROVIDER"
155-->[androidx.camera:camera-camera2:1.5.0-alpha03] AndroidManifest.xml:31:17-103
156                android:value="androidx.camera.camera2.Camera2Config$DefaultProvider" />
156-->[androidx.camera:camera-camera2:1.5.0-alpha03] AndroidManifest.xml:32:17-86
157        </service>
158        <service
158-->[com.google.android.gms:play-services-mlkit-barcode-scanning:18.3.1] AndroidManifest.xml:9:9-15:19
159            android:name="com.google.mlkit.common.internal.MlKitComponentDiscoveryService"
159-->[com.google.android.gms:play-services-mlkit-barcode-scanning:18.3.1] AndroidManifest.xml:10:13-91
160            android:directBootAware="true"
160-->[com.google.mlkit:common:18.11.0] AndroidManifest.xml:17:13-43
161            android:exported="false" >
161-->[com.google.android.gms:play-services-mlkit-barcode-scanning:18.3.1] AndroidManifest.xml:11:13-37
162            <meta-data
162-->[com.google.android.gms:play-services-mlkit-barcode-scanning:18.3.1] AndroidManifest.xml:12:13-14:85
163                android:name="com.google.firebase.components:com.google.mlkit.vision.barcode.internal.BarcodeRegistrar"
163-->[com.google.android.gms:play-services-mlkit-barcode-scanning:18.3.1] AndroidManifest.xml:13:17-120
164                android:value="com.google.firebase.components.ComponentRegistrar" />
164-->[com.google.android.gms:play-services-mlkit-barcode-scanning:18.3.1] AndroidManifest.xml:14:17-82
165            <meta-data
165-->[com.google.mlkit:vision-common:17.3.0] AndroidManifest.xml:12:13-14:85
166                android:name="com.google.firebase.components:com.google.mlkit.vision.common.internal.VisionCommonRegistrar"
166-->[com.google.mlkit:vision-common:17.3.0] AndroidManifest.xml:13:17-124
167                android:value="com.google.firebase.components.ComponentRegistrar" />
167-->[com.google.mlkit:vision-common:17.3.0] AndroidManifest.xml:14:17-82
168            <meta-data
168-->[com.google.mlkit:common:18.11.0] AndroidManifest.xml:20:13-22:85
169                android:name="com.google.firebase.components:com.google.mlkit.common.internal.CommonComponentRegistrar"
169-->[com.google.mlkit:common:18.11.0] AndroidManifest.xml:21:17-120
170                android:value="com.google.firebase.components.ComponentRegistrar" />
170-->[com.google.mlkit:common:18.11.0] AndroidManifest.xml:22:17-82
171        </service>
172
173        <provider
173-->[com.google.mlkit:common:18.11.0] AndroidManifest.xml:9:9-13:38
174            android:name="com.google.mlkit.common.internal.MlKitInitProvider"
174-->[com.google.mlkit:common:18.11.0] AndroidManifest.xml:10:13-78
175            android:authorities="com.eventwallet.app.mlkitinitprovider"
175-->[com.google.mlkit:common:18.11.0] AndroidManifest.xml:11:13-69
176            android:exported="false"
176-->[com.google.mlkit:common:18.11.0] AndroidManifest.xml:12:13-37
177            android:initOrder="99" />
177-->[com.google.mlkit:common:18.11.0] AndroidManifest.xml:13:13-35
178
179        <activity
179-->[com.google.android.gms:play-services-base:18.5.0] AndroidManifest.xml:5:9-173
180            android:name="com.google.android.gms.common.api.GoogleApiActivity"
180-->[com.google.android.gms:play-services-base:18.5.0] AndroidManifest.xml:5:19-85
181            android:exported="false"
181-->[com.google.android.gms:play-services-base:18.5.0] AndroidManifest.xml:5:146-170
182            android:theme="@android:style/Theme.Translucent.NoTitleBar" />
182-->[com.google.android.gms:play-services-base:18.5.0] AndroidManifest.xml:5:86-145
183
184        <meta-data
184-->[com.google.android.gms:play-services-basement:18.4.0] AndroidManifest.xml:6:9-122
185            android:name="com.google.android.gms.version"
185-->[com.google.android.gms:play-services-basement:18.4.0] AndroidManifest.xml:6:20-65
186            android:value="@integer/google_play_services_version" />
186-->[com.google.android.gms:play-services-basement:18.4.0] AndroidManifest.xml:6:66-119
187
188        <provider
188-->[androidx.emoji2:emoji2:1.2.0] AndroidManifest.xml:24:9-32:20
189            android:name="androidx.startup.InitializationProvider"
189-->[androidx.emoji2:emoji2:1.2.0] AndroidManifest.xml:25:13-67
190            android:authorities="com.eventwallet.app.androidx-startup"
190-->[androidx.emoji2:emoji2:1.2.0] AndroidManifest.xml:26:13-68
191            android:exported="false" >
191-->[androidx.emoji2:emoji2:1.2.0] AndroidManifest.xml:27:13-37
192            <meta-data
192-->[androidx.emoji2:emoji2:1.2.0] AndroidManifest.xml:29:13-31:52
193                android:name="androidx.emoji2.text.EmojiCompatInitializer"
193-->[androidx.emoji2:emoji2:1.2.0] AndroidManifest.xml:30:17-75
194                android:value="androidx.startup" />
194-->[androidx.emoji2:emoji2:1.2.0] AndroidManifest.xml:31:17-49
195            <meta-data
195-->[androidx.lifecycle:lifecycle-process:2.8.7] AndroidManifest.xml:29:13-31:52
196                android:name="androidx.lifecycle.ProcessLifecycleInitializer"
196-->[androidx.lifecycle:lifecycle-process:2.8.7] AndroidManifest.xml:30:17-78
197                android:value="androidx.startup" />
197-->[androidx.lifecycle:lifecycle-process:2.8.7] AndroidManifest.xml:31:17-49
198            <meta-data
198-->[androidx.profileinstaller:profileinstaller:1.3.1] AndroidManifest.xml:29:13-31:52
199                android:name="androidx.profileinstaller.ProfileInstallerInitializer"
199-->[androidx.profileinstaller:profileinstaller:1.3.1] AndroidManifest.xml:30:17-85
200                android:value="androidx.startup" />
200-->[androidx.profileinstaller:profileinstaller:1.3.1] AndroidManifest.xml:31:17-49
201        </provider>
202
203        <receiver
203-->[androidx.profileinstaller:profileinstaller:1.3.1] AndroidManifest.xml:34:9-52:20
204            android:name="androidx.profileinstaller.ProfileInstallReceiver"
204-->[androidx.profileinstaller:profileinstaller:1.3.1] AndroidManifest.xml:35:13-76
205            android:directBootAware="false"
205-->[androidx.profileinstaller:profileinstaller:1.3.1] AndroidManifest.xml:36:13-44
206            android:enabled="true"
206-->[androidx.profileinstaller:profileinstaller:1.3.1] AndroidManifest.xml:37:13-35
207            android:exported="true"
207-->[androidx.profileinstaller:profileinstaller:1.3.1] AndroidManifest.xml:38:13-36
208            android:permission="android.permission.DUMP" >
208-->[androidx.profileinstaller:profileinstaller:1.3.1] AndroidManifest.xml:39:13-57
209            <intent-filter>
209-->[androidx.profileinstaller:profileinstaller:1.3.1] AndroidManifest.xml:40:13-42:29
210                <action android:name="androidx.profileinstaller.action.INSTALL_PROFILE" />
210-->[androidx.profileinstaller:profileinstaller:1.3.1] AndroidManifest.xml:41:17-91
210-->[androidx.profileinstaller:profileinstaller:1.3.1] AndroidManifest.xml:41:25-88
211            </intent-filter>
212            <intent-filter>
212-->[androidx.profileinstaller:profileinstaller:1.3.1] AndroidManifest.xml:43:13-45:29
213                <action android:name="androidx.profileinstaller.action.SKIP_FILE" />
213-->[androidx.profileinstaller:profileinstaller:1.3.1] AndroidManifest.xml:44:17-85
213-->[androidx.profileinstaller:profileinstaller:1.3.1] AndroidManifest.xml:44:25-82
214            </intent-filter>
215            <intent-filter>
215-->[androidx.profileinstaller:profileinstaller:1.3.1] AndroidManifest.xml:46:13-48:29
216                <action android:name="androidx.profileinstaller.action.SAVE_PROFILE" />
216-->[androidx.profileinstaller:profileinstaller:1.3.1] AndroidManifest.xml:47:17-88
216-->[androidx.profileinstaller:profileinstaller:1.3.1] AndroidManifest.xml:47:25-85
217            </intent-filter>
218            <intent-filter>
218-->[androidx.profileinstaller:profileinstaller:1.3.1] AndroidManifest.xml:49:13-51:29
219                <action android:name="androidx.profileinstaller.action.BENCHMARK_OPERATION" />
219-->[androidx.profileinstaller:profileinstaller:1.3.1] AndroidManifest.xml:50:17-95
219-->[androidx.profileinstaller:profileinstaller:1.3.1] AndroidManifest.xml:50:25-92
220            </intent-filter>
221        </receiver>
222
223        <service
223-->[com.google.android.datatransport:transport-backend-cct:2.3.3] AndroidManifest.xml:29:9-35:19
224            android:name="com.google.android.datatransport.runtime.backends.TransportBackendDiscovery"
224-->[com.google.android.datatransport:transport-backend-cct:2.3.3] AndroidManifest.xml:30:13-103
225            android:exported="false" >
225-->[com.google.android.datatransport:transport-backend-cct:2.3.3] AndroidManifest.xml:31:13-37
226            <meta-data
226-->[com.google.android.datatransport:transport-backend-cct:2.3.3] AndroidManifest.xml:32:13-34:39
227                android:name="backend:com.google.android.datatransport.cct.CctBackendFactory"
227-->[com.google.android.datatransport:transport-backend-cct:2.3.3] AndroidManifest.xml:33:17-94
228                android:value="cct" />
228-->[com.google.android.datatransport:transport-backend-cct:2.3.3] AndroidManifest.xml:34:17-36
229        </service>
230        <service
230-->[com.google.android.datatransport:transport-runtime:2.2.6] AndroidManifest.xml:26:9-30:19
231            android:name="com.google.android.datatransport.runtime.scheduling.jobscheduling.JobInfoSchedulerService"
231-->[com.google.android.datatransport:transport-runtime:2.2.6] AndroidManifest.xml:27:13-117
232            android:exported="false"
232-->[com.google.android.datatransport:transport-runtime:2.2.6] AndroidManifest.xml:28:13-37
233            android:permission="android.permission.BIND_JOB_SERVICE" >
233-->[com.google.android.datatransport:transport-runtime:2.2.6] AndroidManifest.xml:29:13-69
234        </service>
235
236        <receiver
236-->[com.google.android.datatransport:transport-runtime:2.2.6] AndroidManifest.xml:32:9-34:40
237            android:name="com.google.android.datatransport.runtime.scheduling.jobscheduling.AlarmManagerSchedulerBroadcastReceiver"
237-->[com.google.android.datatransport:transport-runtime:2.2.6] AndroidManifest.xml:33:13-132
238            android:exported="false" />
238-->[com.google.android.datatransport:transport-runtime:2.2.6] AndroidManifest.xml:34:13-37
239    </application>
240
241</manifest>